<?xml version="1.0" encoding="UTF-8"?>
<!-- Generated by org.testng.reporters.JUnitReportReporter -->
<testsuite skipped="0" hostname="LAPTOP-SV2977LS" name="com.banking.testcases.TC_AddCustomerTest_003" tests="1" failures="0" timestamp="2020-12-25T03:15:57 IST" time="16.568" errors="0">
  <testcase name="addNewCustomer" time="16.568" classname="com.banking.testcases.TC_AddCustomerTest_003"/>
  <system-out/>
</testsuite> <!-- com.banking.testcases.TC_AddCustomerTest_003 -->
