<?xml version="1.0" encoding="UTF-8"?>
<!-- Generated by org.testng.reporters.JUnitReportReporter -->
<testsuite skipped="0" hostname="LAPTOP-SV2977LS" name="com.banking.testcases.TC_LoginTest_001" tests="1" failures="0" timestamp="2020-12-25T03:11:51 IST" time="2.143" errors="0">
  <testcase name="loginTest" time="2.143" classname="com.banking.testcases.TC_LoginTest_001"/>
  <system-out/>
</testsuite> <!-- com.banking.testcases.TC_LoginTest_001 -->
