<?xml version="1.0" encoding="UTF-8"?>
<!-- Generated by org.testng.reporters.JUnitReportReporter -->
<testsuite skipped="0" hostname="LAPTOP-SV2977LS" name="com.banking.testcases.TC_LoginTest_001" tests="1" failures="0" timestamp="2020-12-25T21:11:01 IST" time="1.960" errors="0">
  <testcase name="loginTest" time="1.960" classname="com.banking.testcases.TC_LoginTest_001"/>
  <system-out/>
</testsuite> <!-- com.banking.testcases.TC_LoginTest_001 -->
